E:\All resume&Pratic\All Pratique\Angular\Angular2\Angular2_Pragim\src\app\app.component.js
E:\All resume&Pratic\All Pratique\Angular\Angular2\Angular2_Pragim\src\app\app.component.js.map
E:\All resume&Pratic\All Pratique\Angular\Angular2\Angular2_Pragim\src\app\hello.component.js
E:\All resume&Pratic\All Pratique\Angular\Angular2\Angular2_Pragim\src\app\hello.component.js.map
E:\All resume&Pratic\All Pratique\Angular\Angular2\Angular2_Pragim\src\app\employee\employee.model.js
E:\All resume&Pratic\All Pratique\Angular\Angular2\Angular2_Pragim\src\app\employee\employee.model.js.map
E:\All resume&Pratic\All Pratique\Angular\Angular2\Angular2_Pragim\src\app\employee\employee.service.js
E:\All resume&Pratic\All Pratique\Angular\Angular2\Angular2_Pragim\src\app\employee\employee.service.js.map
E:\All resume&Pratic\All Pratique\Angular\Angular2\Angular2_Pragim\src\app\employee\UserPreferences.service.js
E:\All resume&Pratic\All Pratique\Angular\Angular2\Angular2_Pragim\src\app\employee\UserPreferences.service.js.map
E:\All resume&Pratic\All Pratique\Angular\Angular2\Angular2_Pragim\src\app\employee\Container.component.js
E:\All resume&Pratic\All Pratique\Angular\Angular2\Angular2_Pragim\src\app\employee\Container.component.js.map
E:\All resume&Pratic\All Pratique\Angular\Angular2\Angular2_Pragim\src\app\employee\Customer.Pipe.js
E:\All resume&Pratic\All Pratique\Angular\Angular2\Angular2_Pragim\src\app\employee\Customer.Pipe.js.map
E:\All resume&Pratic\All Pratique\Angular\Angular2\Angular2_Pragim\src\app\employee\nested.component.js
E:\All resume&Pratic\All Pratique\Angular\Angular2\Angular2_Pragim\src\app\employee\nested.component.js.map
E:\All resume&Pratic\All Pratique\Angular\Angular2\Angular2_Pragim\src\app\home\home.component.js
E:\All resume&Pratic\All Pratique\Angular\Angular2\Angular2_Pragim\src\app\home\home.component.js.map
E:\All resume&Pratic\All Pratique\Angular\Angular2\Angular2_Pragim\src\app\others\notfound.component.js
E:\All resume&Pratic\All Pratique\Angular\Angular2\Angular2_Pragim\src\app\others\notfound.component.js.map
E:\All resume&Pratic\All Pratique\Angular\Angular2\Angular2_Pragim\src\app\employee\oneEmployeeToDisplay.js
E:\All resume&Pratic\All Pratique\Angular\Angular2\Angular2_Pragim\src\app\employee\oneEmployeeToDisplay.js.map
E:\All resume&Pratic\All Pratique\Angular\Angular2\Angular2_Pragim\src\app\appRouting.module.js
E:\All resume&Pratic\All Pratique\Angular\Angular2\Angular2_Pragim\src\app\appRouting.module.js.map
E:\All resume&Pratic\All Pratique\Angular\Angular2\Angular2_Pragim\src\app\app.module.js
E:\All resume&Pratic\All Pratique\Angular\Angular2\Angular2_Pragim\src\app\app.module.js.map
E:\All resume&Pratic\All Pratique\Angular\Angular2\Angular2_Pragim\src\main.js
E:\All resume&Pratic\All Pratique\Angular\Angular2\Angular2_Pragim\src\main.js.map
E:\All resume&Pratic\All Pratique\Angular\Angular2\Angular2_Pragim\src\app\app.component.spec.js
E:\All resume&Pratic\All Pratique\Angular\Angular2\Angular2_Pragim\src\app\app.component.spec.js.map
