C:\Users\ilies\Desktop\App_Angular2_Pragim\Angular2_Pragim\Angular2_Pragim\src\app\app.component.js
C:\Users\ilies\Desktop\App_Angular2_Pragim\Angular2_Pragim\Angular2_Pragim\src\app\app.component.js.map
C:\Users\ilies\Desktop\App_Angular2_Pragim\Angular2_Pragim\Angular2_Pragim\src\app\hello.component.js
C:\Users\ilies\Desktop\App_Angular2_Pragim\Angular2_Pragim\Angular2_Pragim\src\app\hello.component.js.map
C:\Users\ilies\Desktop\App_Angular2_Pragim\Angular2_Pragim\Angular2_Pragim\src\app\employee\employee.model.js
C:\Users\ilies\Desktop\App_Angular2_Pragim\Angular2_Pragim\Angular2_Pragim\src\app\employee\employee.model.js.map
C:\Users\ilies\Desktop\App_Angular2_Pragim\Angular2_Pragim\Angular2_Pragim\src\app\employee\employee.service.js
C:\Users\ilies\Desktop\App_Angular2_Pragim\Angular2_Pragim\Angular2_Pragim\src\app\employee\employee.service.js.map
C:\Users\ilies\Desktop\App_Angular2_Pragim\Angular2_Pragim\Angular2_Pragim\src\app\employee\UserPreferences.service.js
C:\Users\ilies\Desktop\App_Angular2_Pragim\Angular2_Pragim\Angular2_Pragim\src\app\employee\UserPreferences.service.js.map
C:\Users\ilies\Desktop\App_Angular2_Pragim\Angular2_Pragim\Angular2_Pragim\src\app\employee\Container.component.js
C:\Users\ilies\Desktop\App_Angular2_Pragim\Angular2_Pragim\Angular2_Pragim\src\app\employee\Container.component.js.map
C:\Users\ilies\Desktop\App_Angular2_Pragim\Angular2_Pragim\Angular2_Pragim\src\app\employee\Customer.Pipe.js
C:\Users\ilies\Desktop\App_Angular2_Pragim\Angular2_Pragim\Angular2_Pragim\src\app\employee\Customer.Pipe.js.map
C:\Users\ilies\Desktop\App_Angular2_Pragim\Angular2_Pragim\Angular2_Pragim\src\app\employee\nested.component.js
C:\Users\ilies\Desktop\App_Angular2_Pragim\Angular2_Pragim\Angular2_Pragim\src\app\employee\nested.component.js.map
C:\Users\ilies\Desktop\App_Angular2_Pragim\Angular2_Pragim\Angular2_Pragim\src\app\home\home.component.js
C:\Users\ilies\Desktop\App_Angular2_Pragim\Angular2_Pragim\Angular2_Pragim\src\app\home\home.component.js.map
C:\Users\ilies\Desktop\App_Angular2_Pragim\Angular2_Pragim\Angular2_Pragim\src\app\others\notfound.component.js
C:\Users\ilies\Desktop\App_Angular2_Pragim\Angular2_Pragim\Angular2_Pragim\src\app\others\notfound.component.js.map
C:\Users\ilies\Desktop\App_Angular2_Pragim\Angular2_Pragim\Angular2_Pragim\src\app\employee\oneEmployeeToDisplay.js
C:\Users\ilies\Desktop\App_Angular2_Pragim\Angular2_Pragim\Angular2_Pragim\src\app\employee\oneEmployeeToDisplay.js.map
C:\Users\ilies\Desktop\App_Angular2_Pragim\Angular2_Pragim\Angular2_Pragim\src\app\appRouting.module.js
C:\Users\ilies\Desktop\App_Angular2_Pragim\Angular2_Pragim\Angular2_Pragim\src\app\appRouting.module.js.map
C:\Users\ilies\Desktop\App_Angular2_Pragim\Angular2_Pragim\Angular2_Pragim\src\app\app.module.js
C:\Users\ilies\Desktop\App_Angular2_Pragim\Angular2_Pragim\Angular2_Pragim\src\app\app.module.js.map
C:\Users\ilies\Desktop\App_Angular2_Pragim\Angular2_Pragim\Angular2_Pragim\src\main.js
C:\Users\ilies\Desktop\App_Angular2_Pragim\Angular2_Pragim\Angular2_Pragim\src\main.js.map
C:\Users\ilies\Desktop\App_Angular2_Pragim\Angular2_Pragim\Angular2_Pragim\src\app\app.component.spec.js
C:\Users\ilies\Desktop\App_Angular2_Pragim\Angular2_Pragim\Angular2_Pragim\src\app\app.component.spec.js.map
